<?xml version="1.0" encoding="UTF-8"?>
<testsuite xmlns:xsi="http://www.w3.org/2001/XMLSchema-instance" xsi:noNamespaceSchemaLocation="https://maven.apache.org/surefire/maven-surefire-plugin/xsd/surefire-test-report-3.0.xsd" version="3.0" name="com.shopme.shopmefrontend.site.ShopmeFrontendApplicationTests" time="11.241" tests="1" errors="0" skipped="0" failures="0">
  <properties>
[...]
</properties>
  <testcase name="contextLoads" classname="com.shopme.shopmefrontend.site.ShopmeFrontendApplicationTests" time="2.231">
    <system-out><![CDATA[05:07:12.192 [main] INFO org.springframework.test.context.support.AnnotationConfigContextLoaderUtils -- Could not detect default configuration classes for test class [com.shopme.shopmefrontend.site.ShopmeFrontendApplicationTests]: ShopmeFrontendApplicationTests does not declare any static, non-private, non-final, nested classes annotated with @Configuration.
05:07:12.409 [main] INFO org.springframework.boot.test.context.SpringBootTestContextBootstrapper -- Found @SpringBootConfiguration com.shopme.shopmefrontend.site.ShopmeFrontendApplication for test class com.shopme.shopmefrontend.site.ShopmeFrontendApplicationTests

  .   ____          _            __ _ _
 /\\ / ___'_ __ _ _(_)_ __  __ _ \ \ \ \
( ( )\___ | '_ | '_| | '_ \/ _` | \ \ \ \
 \\/  ___)| |_)| | | | | || (_| |  ) ) ) )
  '  |____| .__|_| |_|_| |_\__, | / / / /
 =========|_|==============|___/=/_/_/_/
 :: Spring Boot ::                (v3.2.1)

2024-01-08T05:07:13.916Z  INFO 55043 --- [           main] c.s.s.s.ShopmeFrontendApplicationTests   : Starting ShopmeFrontendApplicationTests using Java 17.0.9 with PID 55043 (started by jamesamo in /Users/jamesamo/project/shopmeProject/shopmeWebParaent/shopmeFrontend)
2024-01-08T05:07:13.921Z  INFO 55043 --- [           main] c.s.s.s.ShopmeFrontendApplicationTests   : No active profile set, falling back to 1 default profile: "default"
2024-01-08T05:07:19.118Z  INFO 55043 --- [           main] o.s.b.a.w.s.WelcomePageHandlerMapping    : Adding welcome page template: index
2024-01-08T05:07:20.463Z  INFO 55043 --- [           main] c.s.s.s.ShopmeFrontendApplicationTests   : Started ShopmeFrontendApplicationTests in 7.393 seconds (process running for 12.199)
]]></system-out>
  </testcase>
</testsuite>